<?xml version="1.0" encoding="UTF-8"?>
<!-- Generated by org.testng.reporters.JUnitXMLReporter -->
<testsuite ignored="0" hostname="Roni" failures="0" tests="5" name="Test" time="17.338" errors="0" timestamp="2024-03-11T18:43:57 IST">
  <testcase classname="test_script.Desktop_test" name="end_end1" time="2.919"/>
  <testcase classname="test_script.Desktop_test" name="end_end2" time="6.226"/>
  <testcase classname="test_script.Desktop_test" name="end_end3" time="1.767"/>
  <testcase classname="test_script.Desktop_test" name="end_end4" time="2.443"/>
  <testcase classname="test_script.Desktop_test" name="end_end5" time="1.94"/>
</testsuite> <!-- Test -->
