<?xml version="1.0" encoding="UTF-8"?>
<testng-results ignored="0" total="5" passed="5" failed="0" skipped="0">
  <reporter-output>
  </reporter-output>
  <suite started-at="2024-03-11T18:43:39 IST" name="Suite" finished-at="2024-03-11T18:43:57 IST" duration-ms="17338">
    <groups>
    </groups>
    <test started-at="2024-03-11T18:43:39 IST" name="Test" finished-at="2024-03-11T18:43:57 IST" duration-ms="17338">
      <class name="test_script.Desktop_test">
        <test-method is-config="true" signature="openapp(java.lang.String)[pri:0, instance:test_script.Desktop_test@4a94ee4]" started-at="2024-03-11T18:43:39 IST" name="openapp" finished-at="2024-03-11T18:43:41 IST" duration-ms="1764" status="PASS">
          <params>
            <param index="0">
              <value>
                <![CDATA[chrome]]>
              </value>
            </param>
          </params>
          <reporter-output>
          </reporter-output>
        </test-method> <!-- openapp -->
        <test-method signature="end_end1()[pri:1, instance:test_script.Desktop_test@4a94ee4]" started-at="2024-03-11T18:43:41 IST" name="end_end1" finished-at="2024-03-11T18:43:44 IST" duration-ms="2919" status="PASS">
          <reporter-output>
          </reporter-output>
        </test-method> <!-- end_end1 -->
        <test-method signature="end_end2()[pri:2, instance:test_script.Desktop_test@4a94ee4]" started-at="2024-03-11T18:43:44 IST" name="end_end2" finished-at="2024-03-11T18:43:50 IST" duration-ms="6226" status="PASS">
          <reporter-output>
          </reporter-output>
        </test-method> <!-- end_end2 -->
        <test-method signature="end_end3()[pri:3, instance:test_script.Desktop_test@4a94ee4]" started-at="2024-03-11T18:43:50 IST" name="end_end3" finished-at="2024-03-11T18:43:52 IST" duration-ms="1767" status="PASS">
          <reporter-output>
          </reporter-output>
        </test-method> <!-- end_end3 -->
        <test-method signature="end_end4()[pri:4, instance:test_script.Desktop_test@4a94ee4]" started-at="2024-03-11T18:43:52 IST" name="end_end4" finished-at="2024-03-11T18:43:55 IST" duration-ms="2443" status="PASS">
          <reporter-output>
          </reporter-output>
        </test-method> <!-- end_end4 -->
        <test-method signature="end_end5()[pri:5, instance:test_script.Desktop_test@4a94ee4]" started-at="2024-03-11T18:43:55 IST" name="end_end5" finished-at="2024-03-11T18:43:57 IST" duration-ms="1940" status="PASS">
          <reporter-output>
          </reporter-output>
        </test-method> <!-- end_end5 -->
        <test-method is-config="true" signature="closeapp()[pri:0, instance:test_script.Desktop_test@4a94ee4]" started-at="2024-03-11T18:43:57 IST" name="closeapp" finished-at="2024-03-11T18:43:57 IST" duration-ms="212" status="PASS">
          <reporter-output>
          </reporter-output>
        </test-method> <!-- closeapp -->
      </class> <!-- test_script.Desktop_test -->
    </test> <!-- Test -->
  </suite> <!-- Suite -->
</testng-results>
